".build/iOS/_deps/arcana.cpp-src/Source/Apple",
".build/iOS/_deps/arcana.cpp-src/Source/Shared",
".build/iOS/_deps/arcana.cpp-src/Source/Submodules/GSL/include",
".build/iOS/_deps/base-n-src/include",
".build/iOS/_deps/bgfx.cmake-src/bgfx/3rdparty",
".build/iOS/_deps/bgfx.cmake-src/bgfx/3rdparty/khronos",
".build/iOS/_deps/bgfx.cmake-src/bgfx/examples/common",
".build/iOS/_deps/bgfx.cmake-src/bgfx/examples/common/nanovg",
".build/iOS/_deps/bgfx.cmake-src/bgfx/include",
".build/iOS/_deps/bgfx.cmake-src/bimg/3rdparty",
".build/iOS/_deps/bgfx.cmake-src/bimg/3rdparty/astc-encoder/include",
".build/iOS/_deps/bgfx.cmake-src/bimg/3rdparty/iqa/include",
".build/iOS/_deps/bgfx.cmake-src/bimg/3rdparty/nvtt",
".build/iOS/_deps/bgfx.cmake-src/bimg/3rdparty/tinyexr/deps/miniz",
".build/iOS/_deps/bgfx.cmake-src/bimg/include",
".build/iOS/_deps/bgfx.cmake-src/bx/3rdparty",
".build/iOS/_deps/bgfx.cmake-src/bx/include",
".build/iOS/_deps/bgfx.cmake-src/bx/include/compat/osx",
".build/iOS/_deps/glslang-src",
".build/iOS/_deps/googletest-src/googletest",
".build/iOS/_deps/googletest-src/googletest/include",
".build/iOS/_deps/jsruntimehost-src/Core/AppRuntime/Include",
".build/iOS/_deps/jsruntimehost-src/Core/AppRuntime/Include/Babylon",
".build/iOS/_deps/jsruntimehost-src/Core/Foundation/Include",
".build/iOS/_deps/jsruntimehost-src/Core/JsRuntime/Include",
".build/iOS/_deps/jsruntimehost-src/Core/JsRuntime/Include/Babylon",
".build/iOS/_deps/jsruntimehost-src/Core/JsRuntime/Source",
".build/iOS/_deps/jsruntimehost-src/Core/Node-API-Extensions/include",
".build/iOS/_deps/jsruntimehost-src/Core/Node-API/Include/Engine/JavaScriptCore",
".build/iOS/_deps/jsruntimehost-src/Core/Node-API/Include/Shared",
".build/iOS/_deps/jsruntimehost-src/Core/ScriptLoader/Include",
".build/iOS/_deps/jsruntimehost-src/Polyfills/Console/Include",
".build/iOS/_deps/jsruntimehost-src/Polyfills/Scheduling/Include",
".build/iOS/_deps/jsruntimehost-src/Polyfills/XMLHttpRequest/Include",
".build/iOS/_deps/spirv-cross-src",
".build/iOS/_deps/urllib-src/Include",
".build/iOS/_deps/urllib-src/Source",
".build/iOS/include",
".build/iOS/lib/Debug",
"/Applications/Xcode.app/Contents/Developer/Platforms/iPhoneOS.platform/Developer/SDKs/iPhoneOS.sdk/System/Library/Frameworks",
"/Applications/Xcode.app/Contents/Developer/Platforms/iPhoneSimulator.platform/Developer/SDKs/iPhoneSimulator.sdk/System/Library/Frameworks",
"Core/Graphics/Include/Platform/iOS",
"Core/Graphics/Include/RendererType/Metal",
"Core/Graphics/Include/Shared",
"Core/Graphics/InternalInclude",
"Core/Graphics/InternalInclude/Babylon/Graphics",
"Plugins/NativeEngine/Include",
"Polyfills/Canvas/Include",
"Polyfills/Canvas/Source",
"Polyfills/Window/Include"
